<?xml version="1.0" encoding="UTF-8"?>
<testng-results ignored="0" total="4" passed="4" failed="0" skipped="0">
  <reporter-output>
  </reporter-output>
  <suite started-at="2020-10-20T20:11:51 IST" name="Default suite" finished-at="2020-10-20T20:16:35 IST" duration-ms="283761">
    <groups>
    </groups>
    <test started-at="2020-10-20T20:11:51 IST" name="Default test" finished-at="2020-10-20T20:16:35 IST" duration-ms="283761">
      <class name="com.training.sanity.tests.LoginTests">
        <test-method is-config="true" signature="setUpBeforeClass()[pri:0, instance:com.training.sanity.tests.LoginTests@6b8ca3c8]" started-at="2020-10-20T20:11:51 IST" name="setUpBeforeClass" finished-at="2020-10-20T20:12:40 IST" duration-ms="49233" status="PASS">
          <reporter-output>
          </reporter-output>
        </test-method> <!-- setUpBeforeClass -->
        <test-method signature="validLoginTest()[pri:0, instance:com.training.sanity.tests.LoginTests@6b8ca3c8]" started-at="2020-10-20T20:12:40 IST" name="validLoginTest" finished-at="2020-10-20T20:12:49 IST" duration-ms="9254" status="PASS">
          <reporter-output>
          </reporter-output>
        </test-method> <!-- validLoginTest -->
        <test-method signature="validCustomerPage()[pri:1, instance:com.training.sanity.tests.LoginTests@6b8ca3c8]" started-at="2020-10-20T20:12:49 IST" name="validCustomerPage" finished-at="2020-10-20T20:14:45 IST" duration-ms="115327" status="PASS">
          <reporter-output>
          </reporter-output>
        </test-method> <!-- validCustomerPage -->
        <test-method signature="validSalesPage()[pri:1, instance:com.training.sanity.tests.LoginTests@6b8ca3c8]" started-at="2020-10-20T20:14:45 IST" name="validSalesPage" finished-at="2020-10-20T20:15:47 IST" duration-ms="62112" status="PASS">
          <reporter-output>
          </reporter-output>
        </test-method> <!-- validSalesPage -->
        <test-method signature="validOderPage()[pri:2, instance:com.training.sanity.tests.LoginTests@6b8ca3c8]" started-at="2020-10-20T20:15:47 IST" name="validOderPage" finished-at="2020-10-20T20:16:28 IST" duration-ms="41514" status="PASS">
          <reporter-output>
          </reporter-output>
        </test-method> <!-- validOderPage -->
        <test-method is-config="true" signature="tearDown()[pri:0, instance:com.training.sanity.tests.LoginTests@6b8ca3c8]" started-at="2020-10-20T20:16:28 IST" name="tearDown" finished-at="2020-10-20T20:16:35 IST" duration-ms="6172" status="PASS">
          <reporter-output>
          </reporter-output>
        </test-method> <!-- tearDown -->
      </class> <!-- com.training.sanity.tests.LoginTests -->
    </test> <!-- Default test -->
  </suite> <!-- Default suite -->
</testng-results>
