<?xml version="1.0" encoding="UTF-8"?>
<!-- Generated by org.testng.reporters.JUnitXMLReporter -->
<testsuite ignored="0" hostname="HP-PC" failures="0" tests="4" name="Default test" time="283.761" errors="0" timestamp="2020-10-20T20:16:35 IST">
  <testcase classname="com.training.sanity.tests.LoginTests" name="validLoginTest" time="9.254"/>
  <testcase classname="com.training.sanity.tests.LoginTests" name="validCustomerPage" time="115.327"/>
  <testcase classname="com.training.sanity.tests.LoginTests" name="validSalesPage" time="62.112"/>
  <testcase classname="com.training.sanity.tests.LoginTests" name="validOderPage" time="41.514"/>
</testsuite> <!-- Default test -->
