<?xml version="1.0" encoding="UTF-8"?>
<!-- Generated by org.testng.reporters.JUnitXMLReporter -->
<testsuite ignored="2" hostname="HP-PC" failures="2" tests="3" name="Sample test" time="42.565" errors="0" timestamp="2020-10-19T13:10:45 IST">
  <testcase classname="com.training.sanity.tests.LoginTests" name="validLoginTest" time="6.479"/>
  <testcase classname="com.training.sanity.tests.LoginTests" name="validLoginTest" time="0.009">
    <failure type="java.lang.NullPointerException">
      <![CDATA[java.lang.NullPointerException
at com.training.sanity.tests.LoginTests.validLoginTest(LoginTests.java:53)
at java.base/java.util.ArrayList.forEach(ArrayList.java:1541)
... Removed 27 stack frames]]>
    </failure>
  </testcase> <!-- validLoginTest -->
  <testcase classname="com.training.sanity.tests.CutomerPageTest" name="validCustomerListTest" time="0.015">
    <failure type="java.lang.NullPointerException">
      <![CDATA[java.lang.NullPointerException
at com.training.sanity.tests.CutomerPageTest.validCustomerListTest(CutomerPageTest.java:35)
at java.base/java.util.ArrayList.forEach(ArrayList.java:1541)
... Removed 27 stack frames]]>
    </failure>
  </testcase> <!-- validCustomerListTest -->
  <testcase classname="com.training.sanity.tests.CutomerPageTest" name="@AfterTest tearDown" time="0.0">
    <ignored/>
  </testcase> <!-- @AfterTest tearDown -->
  <testcase classname="com.training.sanity.tests.CutomerPageTest" name="@BeforeTest setUpBeforeClass" time="0.0">
    <ignored/>
  </testcase> <!-- @BeforeTest setUpBeforeClass -->
</testsuite> <!-- Sample test -->
